[2026-06-27T06:27:45.056Z] AS400_ATTACHMENT_ERROR {"status":429,"messageId":"AAMkADIzMjRmOWJkLWMyZGMtNDQ0MS04YTQ1LWZkNGQzZTc0MjhmZgBGAAAAAAC50GgP8VviSai_0Irb8CZaBwAYRoZYrabOSaUkOIRzDX4qAAAjwVReAAAYRoZYrabOSaUkOIRzDX4qAAM29AwpAAA="}
[2026-06-27T06:28:43.811Z] AS400_ATTACHMENT_ERROR {"status":429,"messageId":"AAMkADIzMjRmOWJkLWMyZGMtNDQ0MS04YTQ1LWZkNGQzZTc0MjhmZgBGAAAAAAC50GgP8VviSai_0Irb8CZaBwAYRoZYrabOSaUkOIRzDX4qAAAjwVReAAAYRoZYrabOSaUkOIRzDX4qAAM3rZGJAAA="}
[2026-06-27T06:31:33.707Z] AS400_ATTACHMENT_ERROR {"status":429,"messageId":"AAMkADIzMjRmOWJkLWMyZGMtNDQ0MS04YTQ1LWZkNGQzZTc0MjhmZgBGAAAAAAC50GgP8VviSai_0Irb8CZaBwAYRoZYrabOSaUkOIRzDX4qAAAjwVReAAAYRoZYrabOSaUkOIRzDX4qAAM9j5B-AAA="}
[2026-06-27T06:31:33.730Z] AS400_ATTACHMENT_ERROR {"status":429,"messageId":"AAMkADIzMjRmOWJkLWMyZGMtNDQ0MS04YTQ1LWZkNGQzZTc0MjhmZgBGAAAAAAC50GgP8VviSai_0Irb8CZaBwAYRoZYrabOSaUkOIRzDX4qAAAjwVReAAAYRoZYrabOSaUkOIRzDX4qAAM3rZGZAAA="}
[2026-06-27T06:31:33.921Z] AS400_ATTACHMENT_ERROR {"status":429,"messageId":"AAMkADIzMjRmOWJkLWMyZGMtNDQ0MS04YTQ1LWZkNGQzZTc0MjhmZgBGAAAAAAC50GgP8VviSai_0Irb8CZaBwAYRoZYrabOSaUkOIRzDX4qAAAjwVReAAAYRoZYrabOSaUkOIRzDX4qAAM3rZGBAAA="}
[2026-06-27T06:32:22.084Z] AS400_ATTACHMENT_ERROR {"status":429,"messageId":"AAMkADIzMjRmOWJkLWMyZGMtNDQ0MS04YTQ1LWZkNGQzZTc0MjhmZgBGAAAAAAC50GgP8VviSai_0Irb8CZaBwAYRoZYrabOSaUkOIRzDX4qAAAjwVReAAAYRoZYrabOSaUkOIRzDX4qAAM3rZF_AAA="}
[2026-06-27T06:32:22.086Z] AS400_ATTACHMENT_ERROR {"status":429,"messageId":"AAMkADIzMjRmOWJkLWMyZGMtNDQ0MS04YTQ1LWZkNGQzZTc0MjhmZgBGAAAAAAC50GgP8VviSai_0Irb8CZaBwAYRoZYrabOSaUkOIRzDX4qAAAjwVReAAAYRoZYrabOSaUkOIRzDX4qAAM3rZFVAAA="}
[2026-06-27T07:45:19.021Z] JSON_EXPORT_ERROR {"message":"Cannot read properties of undefined (reading 'fullRows')"}
[2026-06-27T07:45:19.023Z] RUN_REFRESH_ERROR {"message":"Cannot read properties of undefined (reading 'fullRows')"}
[2026-06-27T07:46:30.224Z] JSON_EXPORT_ERROR {"message":"Cannot read properties of undefined (reading 'fullRows')"}
[2026-06-27T07:46:30.225Z] RUN_REFRESH_ERROR {"message":"Cannot read properties of undefined (reading 'fullRows')"}
[2026-06-27T07:46:34.911Z] JSON_EXPORT_ERROR {"message":"Cannot read properties of undefined (reading 'fullRows')"}
[2026-06-27T07:46:34.912Z] RUN_REFRESH_ERROR {"message":"Cannot read properties of undefined (reading 'fullRows')"}
[2026-06-27T07:46:46.566Z] JSON_EXPORT_ERROR {"message":"Cannot read properties of undefined (reading 'fullRows')"}
[2026-06-27T07:46:46.567Z] RUN_REFRESH_ERROR {"message":"Cannot read properties of undefined (reading 'fullRows')"}
[2026-06-27T07:46:57.427Z] JSON_EXPORT_ERROR {"message":"Cannot read properties of undefined (reading 'fullRows')"}
[2026-06-27T07:46:57.428Z] RUN_REFRESH_ERROR {"message":"Cannot read properties of undefined (reading 'fullRows')"}
[2026-06-27T07:49:54.213Z] JSON_EXPORT_ERROR {"message":"Cannot read properties of undefined (reading 'fullRows')"}
[2026-06-27T07:49:54.214Z] RUN_REFRESH_ERROR {"message":"Cannot read properties of undefined (reading 'fullRows')"}
[2026-06-27T07:50:02.991Z] JSON_EXPORT_ERROR {"message":"Cannot read properties of undefined (reading 'fullRows')"}
[2026-06-27T07:50:02.992Z] RUN_REFRESH_ERROR {"message":"Cannot read properties of undefined (reading 'fullRows')"}
[2026-06-27T07:50:07.882Z] JSON_EXPORT_ERROR {"message":"Cannot read properties of undefined (reading 'fullRows')"}
[2026-06-27T07:50:07.883Z] RUN_REFRESH_ERROR {"message":"Cannot read properties of undefined (reading 'fullRows')"}
[2026-06-27T07:50:23.834Z] JSON_EXPORT_ERROR {"message":"Cannot read properties of undefined (reading 'fullRows')"}
[2026-06-27T07:50:23.836Z] RUN_REFRESH_ERROR {"message":"Cannot read properties of undefined (reading 'fullRows')"}
[2026-06-27T07:54:44.830Z] JSON_EXPORT_ERROR {"message":"Cannot read properties of undefined (reading 'fullRows')"}
[2026-06-27T07:54:44.831Z] RUN_REFRESH_ERROR {"message":"Cannot read properties of undefined (reading 'fullRows')"}
[2026-06-27T07:55:38.486Z] JSON_EXPORT_ERROR {"message":"Cannot read properties of undefined (reading 'fullRows')"}
[2026-06-27T07:55:38.487Z] RUN_REFRESH_ERROR {"message":"Cannot read properties of undefined (reading 'fullRows')"}
[2026-06-27T07:55:40.981Z] JSON_EXPORT_ERROR {"message":"Cannot read properties of undefined (reading 'fullRows')"}
[2026-06-27T07:55:40.982Z] RUN_REFRESH_ERROR {"message":"Cannot read properties of undefined (reading 'fullRows')"}
[2026-06-27T07:55:41.917Z] JSON_EXPORT_ERROR {"message":"Cannot read properties of undefined (reading 'fullRows')"}
[2026-06-27T07:55:41.918Z] RUN_REFRESH_ERROR {"message":"Cannot read properties of undefined (reading 'fullRows')"}
[2026-06-27T07:55:42.615Z] JSON_EXPORT_ERROR {"message":"Cannot read properties of undefined (reading 'fullRows')"}
[2026-06-27T07:55:42.616Z] RUN_REFRESH_ERROR {"message":"Cannot read properties of undefined (reading 'fullRows')"}
[2026-06-27T07:55:45.869Z] JSON_EXPORT_ERROR {"message":"Cannot read properties of undefined (reading 'fullRows')"}
[2026-06-27T07:55:45.870Z] RUN_REFRESH_ERROR {"message":"Cannot read properties of undefined (reading 'fullRows')"}
[2026-06-27T07:56:01.234Z] JSON_EXPORT_ERROR {"message":"Cannot read properties of undefined (reading 'fullRows')"}
[2026-06-27T07:56:01.235Z] RUN_REFRESH_ERROR {"message":"Cannot read properties of undefined (reading 'fullRows')"}
[2026-06-27T07:56:04.984Z] JSON_EXPORT_ERROR {"message":"Cannot read properties of undefined (reading 'fullRows')"}
[2026-06-27T07:56:04.985Z] RUN_REFRESH_ERROR {"message":"Cannot read properties of undefined (reading 'fullRows')"}
[2026-06-27T07:59:44.450Z] JSON_EXPORT_ERROR {"message":"Cannot read properties of undefined (reading 'fullRows')"}
[2026-06-27T07:59:44.451Z] RUN_REFRESH_ERROR {"message":"Cannot read properties of undefined (reading 'fullRows')"}
[2026-06-27T14:36:57.753Z] AS400_ATTACHMENT_ERROR {"status":429,"messageId":"AAMkADIzMjRmOWJkLWMyZGMtNDQ0MS04YTQ1LWZkNGQzZTc0MjhmZgBGAAAAAAC50GgP8VviSai_0Irb8CZaBwAYRoZYrabOSaUkOIRzDX4qAAAjwVReAAAYRoZYrabOSaUkOIRzDX4qAAM29AwnAAA="}
[2026-06-27T15:16:25.876Z] AS400_ATTACHMENT_ERROR {"status":429,"messageId":"AAMkADIzMjRmOWJkLWMyZGMtNDQ0MS04YTQ1LWZkNGQzZTc0MjhmZgBGAAAAAAC50GgP8VviSai_0Irb8CZaBwAYRoZYrabOSaUkOIRzDX4qAAAjwVReAAAYRoZYrabOSaUkOIRzDX4qAAM3rZFqAAA="}
